<?xml version="1.0" encoding="UTF-8"?>
<!-- Generated by org.testng.reporters.JUnitReportReporter -->
<testsuite hostname="arsalan-VirtualBox" name="automationtesting.aboutDMC" tests="1" failures="0" timestamp="23 Aug 2017 15:50:01 GMT" time="7.265" errors="0">
  <testcase name="aboutDMCTest" time="7.265" classname="automationtesting.aboutDMC"/>
</testsuite> <!-- automationtesting.aboutDMC -->
