<?xml version="1.0" encoding="UTF-8"?>
<!-- Generated by org.testng.reporters.JUnitReportReporter -->
<testsuite hostname="arsalan-VirtualBox" name="automationtesting.restCompanies" tests="1" failures="0" timestamp="26 Jul 2017 01:29:45 GMT" time="3.606" errors="0">
  <testcase name="restCompaniesTest" time="3.606" classname="automationtesting.restCompanies"/>
</testsuite> <!-- automationtesting.restCompanies -->
