<?xml version="1.0" encoding="UTF-8"?>
<!-- Generated by org.testng.reporters.JUnitReportReporter -->
<testsuite hostname="arsalan-VirtualBox" name="automationtesting.LoginUILABSGuest" tests="1" failures="0" timestamp="24 Jul 2017 21:42:23 GMT" time="6.177" errors="0">
  <testcase name="loginGuest" time="6.177" classname="automationtesting.LoginUILABSGuest"/>
</testsuite> <!-- automationtesting.LoginUILABSGuest -->
