<?xml version="1.0" encoding="UTF-8"?>
<!-- Generated by org.testng.reporters.JUnitReportReporter -->
<testsuite hostname="arsalan-VirtualBox" name="automationtesting.LoginUILABSGuest" tests="1" failures="0" timestamp="21 Aug 2017 14:49:39 GMT" time="6.623" errors="0">
  <testcase name="loginGuest" time="6.623" classname="automationtesting.LoginUILABSGuest"/>
</testsuite> <!-- automationtesting.LoginUILABSGuest -->
