<?xml version="1.0" encoding="UTF-8"?>
<!-- Generated by org.testng.reporters.JUnitReportReporter -->
<testsuite hostname="ali-VirtualBox" name="automationtesting.AdminVerify" tests="1" failures="0" timestamp="8 Aug 2017 14:56:33 GMT" time="32.662" errors="0">
  <testcase name="requestVerification" time="32.662" classname="automationtesting.AdminVerify"/>
</testsuite> <!-- automationtesting.AdminVerify -->
