<?xml version="1.0" encoding="UTF-8"?>
<!-- Generated by org.testng.reporters.JUnitReportReporter -->
<testsuite hostname="arsalan-VirtualBox" name="automationtesting.LoginUILABSGuest" tests="1" failures="0" timestamp="26 Jul 2017 01:29:45 GMT" time="5.581" errors="0">
  <testcase name="loginGuest" time="5.581" classname="automationtesting.LoginUILABSGuest"/>
</testsuite> <!-- automationtesting.LoginUILABSGuest -->
