<?xml version="1.0" encoding="UTF-8"?>
<!-- Generated by org.testng.reporters.JUnitReportReporter -->
<testsuite hostname="ali-VirtualBox" name="automationtesting.RequestVerification" tests="1" failures="0" timestamp="2 Aug 2017 15:37:37 GMT" time="23.199" errors="0">
  <testcase name="requestVerification" time="23.199" classname="automationtesting.RequestVerification"/>
</testsuite> <!-- automationtesting.RequestVerification -->
