<?xml version="1.0" encoding="UTF-8"?>
<!-- Generated by org.testng.reporters.JUnitReportReporter -->
<testsuite hostname="arsalan-VirtualBox" name="automationtesting.aboutAcademia" tests="1" failures="0" timestamp="21 Aug 2017 19:47:39 GMT" time="6.744" errors="0">
  <testcase name="aboutAcademiaStaticPageTest" time="6.744" classname="automationtesting.aboutAcademia"/>
</testsuite> <!-- automationtesting.aboutAcademia -->
