<?xml version="1.0" encoding="UTF-8"?>
<!-- Generated by org.testng.reporters.JUnitReportReporter -->
<testsuite hostname="arsalan-VirtualBox" name="automationtesting.AppTest" tests="1" failures="0" timestamp="26 Jul 2017 01:29:45 GMT" time="0.018" errors="0">
  <testcase name="testApp" time="0.018" classname="automationtesting.AppTest"/>
</testsuite> <!-- automationtesting.AppTest -->
