<?xml version="1.0" encoding="UTF-8"?>
<!-- Generated by org.testng.reporters.JUnitReportReporter -->
<testsuite hostname="arsalan-VirtualBox" name="automationtesting.AppTest" tests="1" failures="0" timestamp="24 Jul 2017 20:26:32 GMT" time="0.027" errors="0">
  <testcase name="testApp" time="0.027" classname="automationtesting.AppTest"/>
</testsuite> <!-- automationtesting.AppTest -->
