<?xml version="1.0" encoding="UTF-8"?>
<!-- Generated by org.testng.reporters.JUnitReportReporter -->
<testsuite hostname="ali-VirtualBox" name="automationtesting.LoginGoogle" tests="1" failures="0" timestamp="2 Aug 2017 22:06:30 GMT" time="19.854" errors="0">
  <testcase name="loginGoogle" time="19.854" classname="automationtesting.LoginGoogle"/>
</testsuite> <!-- automationtesting.LoginGoogle -->
