<?xml version="1.0" encoding="UTF-8"?>
<!-- Generated by org.testng.reporters.JUnitReportReporter -->
<testsuite hostname="arsalan-VirtualBox" name="automationtesting.LoginUILABSGuest" tests="1" failures="0" timestamp="24 Jul 2017 20:26:32 GMT" time="4.983" errors="0">
  <testcase name="loginGuest" time="4.983" classname="automationtesting.LoginUILABSGuest"/>
</testsuite> <!-- automationtesting.LoginUILABSGuest -->
