<?xml version="1.0" encoding="UTF-8"?>
<!-- Generated by org.testng.reporters.JUnitReportReporter -->
<testsuite hostname="ali-VirtualBox" name="automationtesting.logout" tests="1" failures="0" timestamp="31 Jul 2017 14:55:01 GMT" time="15.499" errors="0">
  <testcase name="logoutAccount" time="15.499" classname="automationtesting.logout"/>
</testsuite> <!-- automationtesting.logout -->
