<?xml version="1.0" encoding="UTF-8"?>
<!-- Generated by org.testng.reporters.JUnitReportReporter -->
<testsuite skipped="0" hostname="arsalan-VirtualBox" name="Qatests.AppTest" tests="1" failures="0" timestamp="16 Jul 2017 03:40:49 GMT" time="0.033" errors="0">
  <testcase name="testApp" time="0.033" classname="Qatests.AppTest"/>
</testsuite> <!-- Qatests.AppTest -->
