<?xml version="1.0" encoding="UTF-8"?>
<!-- Generated by org.testng.reporters.JUnitReportReporter -->
<testsuite skipped="0" hostname="arsalan-VirtualBox" name="Qatests.validateTitle" tests="1" failures="0" timestamp="18 Jul 2017 23:44:36 GMT" time="3.058" errors="0">
  <testcase name="validateAppTitle" time="3.058" classname="Qatests.validateTitle"/>
</testsuite> <!-- Qatests.validateTitle -->
