<?xml version="1.0" encoding="UTF-8"?>
<!-- Generated by org.testng.reporters.JUnitReportReporter -->
<testsuite hostname="arsalan-VirtualBox" name="dmcqa.validateTitle" tests="1" failures="0" timestamp="21 Jul 2017 15:34:06 GMT" time="2.961" errors="0">
  <testcase name="validateAppTitle" time="2.961" classname="dmcqa.validateTitle"/>
</testsuite> <!-- dmcqa.validateTitle -->
