<?xml version="1.0" encoding="UTF-8"?>
<!-- Generated by org.testng.reporters.JUnitReportReporter -->
<testsuite skipped="0" hostname="arsalan-VirtualBox" name="Qatests.HomePage" tests="1" failures="0" timestamp="17 Jul 2017 17:08:54 GMT" time="7.478" errors="0">
  <testcase name="login" time="7.478" classname="Qatests.HomePage"/>
</testsuite> <!-- Qatests.HomePage -->
