<?xml version="1.0" encoding="UTF-8"?>
<!-- Generated by org.testng.reporters.JUnitReportReporter -->
<testsuite skipped="0" hostname="arsalan-VirtualBox" name="Qatests.validateNavigationBar" tests="1" failures="0" timestamp="16 Jul 2017 03:40:49 GMT" time="0.184" errors="0">
  <testcase name="validateAppNavBar" time="0.184" classname="Qatests.validateNavigationBar"/>
</testsuite> <!-- Qatests.validateNavigationBar -->
