<?xml version="1.0" encoding="UTF-8"?>
<!-- Generated by org.testng.reporters.JUnitReportReporter -->
<testsuite hostname="arsalan-VirtualBox" name="dmcqa.LoginUILABSGuest" tests="1" failures="0" timestamp="21 Jul 2017 17:28:18 GMT" time="5.778" errors="0">
  <testcase name="loginGuest" time="5.778" classname="dmcqa.LoginUILABSGuest"/>
</testsuite> <!-- dmcqa.LoginUILABSGuest -->
