<?xml version="1.0" encoding="UTF-8"?>
<!-- Generated by org.testng.reporters.JUnitReportReporter -->
<testsuite skipped="0" hostname="arsalan-VirtualBox" name="Qatests.LoginUILABSGuest" tests="1" failures="0" timestamp="19 Jul 2017 14:48:09 GMT" time="5.832" errors="0">
  <testcase name="loginGuest" time="5.832" classname="Qatests.LoginUILABSGuest"/>
</testsuite> <!-- Qatests.LoginUILABSGuest -->
