<?xml version="1.0" encoding="UTF-8"?>
<!-- Generated by org.testng.reporters.JUnitReportReporter -->
<testsuite hostname="arsalan-VirtualBox" name="dmcqa.validateTitle" tests="1" failures="0" timestamp="22 Jul 2017 20:26:58 GMT" time="2.858" errors="0">
  <testcase name="validateAppTitle" time="2.858" classname="dmcqa.validateTitle"/>
</testsuite> <!-- dmcqa.validateTitle -->
